<?xml version="1.0" encoding="UTF-8"?>
<!-- Generated by org.testng.reporters.JUnitReportReporter -->
<testsuite hostname="BINTERNS-QA30L" failures="0" tests="8" name="testfile.visibility" time="0.204" errors="0" timestamp="2023-04-27T10:09:16 IST" skipped="0">
  <testcase classname="testfile.visibility" name="profile" time="0.037"/>
  <system-out/>
  <testcase classname="testfile.visibility" name="logos" time="0.027"/>
  <system-out/>
  <testcase classname="testfile.visibility" name="womenethiclogo" time="0.024"/>
  <system-out/>
  <testcase classname="testfile.visibility" name="womenwesternlogo" time="0.022"/>
  <system-out/>
  <testcase classname="testfile.visibility" name="menlogo" time="0.024"/>
  <system-out/>
  <testcase classname="testfile.visibility" name="kidslogo" time="0.024"/>
  <system-out/>
  <testcase classname="testfile.visibility" name="homelogo" time="0.024"/>
  <system-out/>
  <testcase classname="testfile.visibility" name="beautylogo" time="0.022"/>
  <system-out/>
</testsuite> <!-- testfile.visibility -->
