<?xml version="1.0" encoding="UTF-8"?>
<!-- Generated by org.testng.reporters.JUnitReportReporter -->
<testsuite hostname="BINTERNS-QA30L" failures="0" tests="7" name="testfile.shaddidotcom" time="6.208" errors="0" timestamp="2023-05-02T11:12:10 IST" skipped="0">
  <testcase classname="testfile.shaddidotcom" name="login" time="0.035"/>
  <system-out/>
  <testcase classname="testfile.shaddidotcom" name="help" time="3.041"/>
  <system-out/>
  <testcase classname="testfile.shaddidotcom" name="women" time="0.027"/>
  <system-out/>
  <testcase classname="testfile.shaddidotcom" name="aged" time="0.023"/>
  <system-out/>
  <testcase classname="testfile.shaddidotcom" name="ofreligion" time="3.028"/>
  <system-out/>
  <testcase classname="testfile.shaddidotcom" name="andmothertounge" time="0.032"/>
  <system-out/>
  <testcase classname="testfile.shaddidotcom" name="LetsBegin" time="0.022"/>
  <system-out/>
</testsuite> <!-- testfile.shaddidotcom -->
