<?xml version="1.0" encoding="UTF-8"?>
<!-- Generated by org.testng.reporters.JUnitReportReporter -->
<testsuite hostname="BINTERNS-QA30L" failures="0" tests="5" name="testfile.addtocartmessho" time="1.996" errors="0" timestamp="2023-04-28T17:20:33 IST" skipped="0">
  <testcase classname="testfile.addtocartmessho" name="ethic" time="0.082"/>
  <system-out/>
  <testcase classname="testfile.addtocartmessho" name="kurtas" time="0.084"/>
  <system-out/>
  <testcase classname="testfile.addtocartmessho" name="kurtasclick" time="0.951"/>
  <system-out/>
  <testcase classname="testfile.addtocartmessho" name="size" time="0.825"/>
  <system-out/>
  <testcase classname="testfile.addtocartmessho" name="carts" time="0.054"/>
  <system-out/>
</testsuite> <!-- testfile.addtocartmessho -->
