<?xml version="1.0" encoding="UTF-8"?>
<!-- Generated by org.testng.reporters.JUnitReportReporter -->
<testsuite hostname="BINTERNS-QA30L" failures="0" tests="17" name="testfile.shaddilogin" time="10.534" errors="0" timestamp="2023-05-03T16:59:48 IST" skipped="0">
  <testcase classname="testfile.shaddilogin" name="logologinvisible" time="0.033"/>
  <system-out/>
  <testcase classname="testfile.shaddilogin" name="clicklogologin" time="0.063"/>
  <system-out/>
  <testcase classname="testfile.shaddilogin" name="SignUpFree" time="0.047"/>
  <system-out/>
  <testcase classname="testfile.shaddilogin" name="Myself" time="1.124"/>
  <system-out/>
  <testcase classname="testfile.shaddilogin" name="Female" time="0.080"/>
  <system-out/>
  <testcase classname="testfile.shaddilogin" name="Firstname" time="0.729"/>
  <system-out/>
  <testcase classname="testfile.shaddilogin" name="Lastname" time="0.102"/>
  <system-out/>
  <testcase classname="testfile.shaddilogin" name="Day" time="0.067"/>
  <system-out/>
  <testcase classname="testfile.shaddilogin" name="Month" time="0.061"/>
  <system-out/>
  <testcase classname="testfile.shaddilogin" name="Year" time="0.055"/>
  <system-out/>
  <testcase classname="testfile.shaddilogin" name="Continue" time="0.058"/>
  <system-out/>
  <testcase classname="testfile.shaddilogin" name="Religion" time="0.202"/>
  <system-out/>
  <testcase classname="testfile.shaddilogin" name="Community" time="6.176"/>
  <system-out/>
  <testcase classname="testfile.shaddilogin" name="Continues" time="0.423"/>
  <system-out/>
  <testcase classname="testfile.shaddilogin" name="EmailID" time="0.146"/>
  <system-out/>
  <testcase classname="testfile.shaddilogin" name="Mobilenumber" time="0.114"/>
  <system-out/>
  <testcase classname="testfile.shaddilogin" name="Submit" time="1.054"/>
  <system-out/>
</testsuite> <!-- testfile.shaddilogin -->
