<?xml version="1.0" encoding="UTF-8"?>
<!-- Generated by org.testng.reporters.JUnitReportReporter -->
<testsuite hostname="BINTERNS-QA30L" failures="0" tests="6" name="testfile.TestUpPage" time="2.125" errors="0" timestamp="2023-04-28T17:21:07 IST" skipped="0">
  <testcase classname="testfile.TestUpPage" name="profilevisible" time="0.071"/>
  <system-out/>
  <testcase classname="testfile.TestUpPage" name="clickprofile" time="0.117"/>
  <system-out/>
  <testcase classname="testfile.TestUpPage" name="clicksignup" time="0.128"/>
  <system-out/>
  <testcase classname="testfile.TestUpPage" name="clickmobile" time="0.635"/>
  <system-out/>
  <testcase classname="testfile.TestUpPage" name="clickcountinue" time="0.106"/>
  <system-out/>
  <testcase classname="testfile.TestUpPage" name="clickverify" time="1.068"/>
  <system-out/>
</testsuite> <!-- testfile.TestUpPage -->
