<?xml version="1.0" encoding="UTF-8"?>
<!-- Generated by org.testng.reporters.JUnitReportReporter -->
<testsuite hostname="BINTERNS-QA30L" failures="0" tests="4" name="testfile.profile$shaddilogin" time="3.389" errors="0" timestamp="2023-05-04T12:36:35 IST" skipped="0">
  <testcase classname="testfile.profile$shaddilogin" name="clicklogin" time="0.035"/>
  <system-out/>
  <testcase classname="testfile.profile$shaddilogin" name="clickEmailid" time="0.202"/>
  <system-out/>
  <testcase classname="testfile.profile$shaddilogin" name="Password" time="0.098"/>
  <system-out/>
  <testcase classname="testfile.profile$shaddilogin" name="loginnn" time="3.054"/>
  <system-out/>
</testsuite> <!-- testfile.profile$shaddilogin -->
